<?xml version="1.0" encoding="UTF-8"?>
<robot generator="Robot 5.0 (Python 3.10.4 on linux)" generated="20220516 19:12:24.513" rpa="false" schemaversion="3">
<suite id="s1" name="Robot" source="/home/runner/work/sf-may2022-monopoly/sf-may2022-monopoly/tests/robot">
<suite id="s1-s1" name="Data Driven" source="/home/runner/work/sf-may2022-monopoly/sf-may2022-monopoly/tests/robot/data_driven.robot">
<test id="s1-s1-t1" name="Provided player name" line="7">
<kw name="Start new game with player">
<arg>Arbitrary</arg>
<arg>Arbitrary</arg>
<kw name="Initialize Controller" library="GameControllerLibrary">
<status status="PASS" starttime="20220516 19:12:24.541" endtime="20220516 19:12:24.542"/>
</kw>
<kw name="Create Player With Name" library="GameControllerLibrary">
<arg>${provided}</arg>
<status status="PASS" starttime="20220516 19:12:24.542" endtime="20220516 19:12:24.542"/>
</kw>
<kw name="Player Name Should Be" library="GameControllerLibrary">
<arg>${actual}</arg>
<status status="PASS" starttime="20220516 19:12:24.542" endtime="20220516 19:12:24.542"/>
</kw>
<status status="PASS" starttime="20220516 19:12:24.541" endtime="20220516 19:12:24.542"/>
</kw>
<status status="PASS" starttime="20220516 19:12:24.540" endtime="20220516 19:12:24.543"/>
</test>
<test id="s1-s1-t2" name="Blank player name" line="8">
<kw name="Start new game with player">
<arg>${EMPTY}</arg>
<arg>Player</arg>
<kw name="Initialize Controller" library="GameControllerLibrary">
<status status="PASS" starttime="20220516 19:12:24.544" endtime="20220516 19:12:24.544"/>
</kw>
<kw name="Create Player With Name" library="GameControllerLibrary">
<arg>${provided}</arg>
<status status="PASS" starttime="20220516 19:12:24.544" endtime="20220516 19:12:24.544"/>
</kw>
<kw name="Player Name Should Be" library="GameControllerLibrary">
<arg>${actual}</arg>
<status status="PASS" starttime="20220516 19:12:24.545" endtime="20220516 19:12:24.545"/>
</kw>
<status status="PASS" starttime="20220516 19:12:24.543" endtime="20220516 19:12:24.545"/>
</kw>
<status status="PASS" starttime="20220516 19:12:24.543" endtime="20220516 19:12:24.545"/>
</test>
<doc>Example test case using the data-driven (table) syntax.</doc>
<status status="PASS" starttime="20220516 19:12:24.535" endtime="20220516 19:12:24.546"/>
</suite>
<suite id="s1-s2" name="Gherkin" source="/home/runner/work/sf-may2022-monopoly/sf-may2022-monopoly/tests/robot/gherkin.robot">
<test id="s1-s2-t1" name="Game controller initialized with player name" line="6">
<kw name="Given controller has been initialized">
<kw name="Initialize Controller" library="GameControllerLibrary">
<status status="PASS" starttime="20220516 19:12:24.550" endtime="20220516 19:12:24.550"/>
</kw>
<status status="PASS" starttime="20220516 19:12:24.550" endtime="20220516 19:12:24.550"/>
</kw>
<kw name="When player is created with name &quot;ArbitraryName&quot;" sourcename="Player is created with name &quot;${provided}&quot;">
<kw name="Create Player With Name" library="GameControllerLibrary">
<arg>${provided}</arg>
<status status="PASS" starttime="20220516 19:12:24.550" endtime="20220516 19:12:24.551"/>
</kw>
<status status="PASS" starttime="20220516 19:12:24.550" endtime="20220516 19:12:24.551"/>
</kw>
<kw name="Then actual player name is &quot;ArbitraryName&quot;" sourcename="Actual player name is &quot;${actual}&quot;">
<kw name="Player Name Should Be" library="GameControllerLibrary">
<arg>${actual}</arg>
<status status="PASS" starttime="20220516 19:12:24.551" endtime="20220516 19:12:24.551"/>
</kw>
<status status="PASS" starttime="20220516 19:12:24.551" endtime="20220516 19:12:24.551"/>
</kw>
<status status="PASS" starttime="20220516 19:12:24.549" endtime="20220516 19:12:24.551"/>
</test>
<test id="s1-s2-t2" name="Game controller initialized without player name" line="11">
<kw name="Given controller has been initialized">
<kw name="Initialize Controller" library="GameControllerLibrary">
<status status="PASS" starttime="20220516 19:12:24.553" endtime="20220516 19:12:24.553"/>
</kw>
<status status="PASS" starttime="20220516 19:12:24.552" endtime="20220516 19:12:24.553"/>
</kw>
<kw name="When player is created with name &quot;&quot;" sourcename="Player is created with name &quot;${provided}&quot;">
<kw name="Create Player With Name" library="GameControllerLibrary">
<arg>${provided}</arg>
<status status="PASS" starttime="20220516 19:12:24.553" endtime="20220516 19:12:24.553"/>
</kw>
<status status="PASS" starttime="20220516 19:12:24.553" endtime="20220516 19:12:24.554"/>
</kw>
<kw name="Then actual player name is &quot;Player&quot;" sourcename="Actual player name is &quot;${actual}&quot;">
<kw name="Player Name Should Be" library="GameControllerLibrary">
<arg>${actual}</arg>
<status status="PASS" starttime="20220516 19:12:24.554" endtime="20220516 19:12:24.554"/>
</kw>
<status status="PASS" starttime="20220516 19:12:24.554" endtime="20220516 19:12:24.554"/>
</kw>
<status status="PASS" starttime="20220516 19:12:24.552" endtime="20220516 19:12:24.554"/>
</test>
<doc>Example test case using the gherkin syntax.</doc>
<status status="PASS" starttime="20220516 19:12:24.547" endtime="20220516 19:12:24.555"/>
</suite>
<status status="PASS" starttime="20220516 19:12:24.514" endtime="20220516 19:12:24.555"/>
</suite>
<statistics>
<total>
<stat pass="4" fail="0" skip="0">All Tests</stat>
</total>
<tag>
</tag>
<suite>
<stat pass="4" fail="0" skip="0" id="s1" name="Robot">Robot</stat>
<stat pass="2" fail="0" skip="0" id="s1-s1" name="Data Driven">Robot.Data Driven</stat>
<stat pass="2" fail="0" skip="0" id="s1-s2" name="Gherkin">Robot.Gherkin</stat>
</suite>
</statistics>
<errors>
</errors>
</robot>
